<?xml version="1.0" encoding="UTF-8"?>
<testng-results ignored="0" total="1" passed="1" failed="0" skipped="0">
  <reporter-output>
  </reporter-output>
  <suite started-at="2022-12-14T13:22:43 IST" name="Suite" finished-at="2022-12-14T13:23:37 IST" duration-ms="54562">
    <groups>
      <group name="fashion">
        <method signature="watches_Test.test()[pri:0, instance:testCases.watches_Test@59505b48]" name="test" class="testCases.watches_Test"/>
      </group> <!-- fashion -->
    </groups>
    <test started-at="2022-12-14T13:22:43 IST" name="Test" finished-at="2022-12-14T13:23:37 IST" duration-ms="54562">
      <class name="testCases.watches_Test">
        <test-method is-config="true" signature="setup(java.lang.String)[pri:0, instance:testCases.watches_Test@59505b48]" started-at="2022-12-14T13:22:43 IST" name="setup" finished-at="2022-12-14T13:23:31 IST" duration-ms="47815" status="PASS">
          <params>
            <param index="0">
              <value>
                <![CDATA[chrome]]>
              </value>
            </param>
          </params>
          <reporter-output>
          </reporter-output>
        </test-method> <!-- setup -->
        <test-method signature="test()[pri:0, instance:testCases.watches_Test@59505b48]" started-at="2022-12-14T13:23:31 IST" name="test" finished-at="2022-12-14T13:23:36 IST" duration-ms="5797" status="PASS">
          <reporter-output>
          </reporter-output>
        </test-method> <!-- test -->
        <test-method is-config="true" signature="tearDown()[pri:0, instance:testCases.watches_Test@59505b48]" started-at="2022-12-14T13:23:36 IST" name="tearDown" finished-at="2022-12-14T13:23:37 IST" duration-ms="739" status="PASS">
          <reporter-output>
          </reporter-output>
        </test-method> <!-- tearDown -->
      </class> <!-- testCases.watches_Test -->
    </test> <!-- Test -->
  </suite> <!-- Suite -->
</testng-results>
